<?xml version="1.0" encoding="UTF-8"?>
<testsuite xmlns:xsi="http://www.w3.org/2001/XMLSchema-instance" xsi:noNamespaceSchemaLocation="https://maven.apache.org/surefire/maven-surefire-plugin/xsd/surefire-test-report.xsd" version="3.0.2" name="com.video.parser.VideoParserApplicationTests" time="2.483" tests="1" errors="0" skipped="0" failures="0">
  <properties>
[...]
</properties>
  <testcase name="contextLoads" classname="com.video.parser.VideoParserApplicationTests" time="0.582">
    <system-out><![CDATA[14:51:54.720 [main] INFO org.springframework.test.context.support.AnnotationConfigContextLoaderUtils -- Could not detect default configuration classes for test class [com.video.parser.VideoParserApplicationTests]: VideoParserApplicationTests does not declare any static, non-private, non-final, nested classes annotated with @Configuration.
14:51:54.803 [main] INFO org.springframework.boot.test.context.SpringBootTestContextBootstrapper -- Found @SpringBootConfiguration com.video.parser.VideoParserApplication for test class com.video.parser.VideoParserApplicationTests

  .   ____          _            __ _ _
 /\\ / ___'_ __ _ _(_)_ __  __ _ \ \ \ \
( ( )\___ | '_ | '_| | '_ \/ _` | \ \ \ \
 \\/  ___)| |_)| | | | | || (_| |  ) ) ) )
  '  |____| .__|_| |_|_| |_\__, | / / / /
 =========|_|==============|___/=/_/_/_/

 :: Spring Boot ::                (v3.4.1)

2025-01-16T14:51:55.101+02:00  INFO 20952 --- [Video-parser] [           main] c.v.parser.VideoParserApplicationTests   : Starting VideoParserApplicationTests using Java 17.0.13 with PID 20952 (started by Mykola in D:\Video-parser)
2025-01-16T14:51:55.102+02:00  INFO 20952 --- [Video-parser] [           main] c.v.parser.VideoParserApplicationTests   : No active profile set, falling back to 1 default profile: "default"
2025-01-16T14:51:56.496+02:00  INFO 20952 --- [Video-parser] [           main] c.v.parser.VideoParserApplicationTests   : Started VideoParserApplicationTests in 1.567 seconds (process running for 2.252)
]]></system-out>
  </testcase>
</testsuite>